<?xml version="1.0" encoding="UTF-8"?>
<!-- Generated by org.testng.reporters.JUnitReportReporter -->
<testsuite skipped="0" hostname="lenovo" name="com.stackroute.finalcasestudy.test.FirstSampleQuizTest" tests="1" failures="0" timestamp="2020-08-26T10:38:12 IST" time="6.974" errors="0">
  <testcase name="playFirstSampleQuizTest" time="6.974" classname="com.stackroute.finalcasestudy.test.FirstSampleQuizTest"/>
</testsuite> <!-- com.stackroute.finalcasestudy.test.FirstSampleQuizTest -->
