<?xml version="1.0" encoding="UTF-8"?>
<!-- Generated by org.testng.reporters.JUnitReportReporter -->
<testsuite skipped="0" hostname="lenovo" name="com.stackroute.finalcasestudy.test.HomePageTest" tests="1" failures="0" timestamp="2020-08-26T10:38:12 IST" time="13.955" errors="0">
  <testcase name="launchQuizHomeTest" time="13.955" classname="com.stackroute.finalcasestudy.test.HomePageTest"/>
</testsuite> <!-- com.stackroute.finalcasestudy.test.HomePageTest -->
