<?xml version="1.0" encoding="UTF-8"?>
<!-- Generated by org.testng.reporters.JUnitReportReporter -->
<testsuite skipped="0" hostname="lenovo" name="com.stackroute.finalcasestudy.cucumber.CucumberRunnerTest" tests="2" failures="0" timestamp="2020-08-26T10:38:12 IST" time="8.858" errors="0">
  <testcase name="scenario" time="6.708" classname="com.stackroute.finalcasestudy.cucumber.CucumberRunnerTest"/>
  <testcase name="scenario" time="2.150" classname="com.stackroute.finalcasestudy.cucumber.CucumberRunnerTest"/>
</testsuite> <!-- com.stackroute.finalcasestudy.cucumber.CucumberRunnerTest -->
