<?xml version="1.0" encoding="UTF-8"?>
<!-- Generated by org.testng.reporters.JUnitReportReporter -->
<testsuite skipped="0" hostname="lenovo" name="com.stackroute.finalcasestudy.test.InvalidPageTest" tests="1" failures="0" timestamp="2020-08-26T10:38:12 IST" time="4.690" errors="0">
  <testcase name="launchInvalidPageTest" time="4.690" classname="com.stackroute.finalcasestudy.test.InvalidPageTest"/>
</testsuite> <!-- com.stackroute.finalcasestudy.test.InvalidPageTest -->
