<?xml version="1.0" encoding="UTF-8"?>
<!-- Generated by org.testng.reporters.JUnitReportReporter -->
<testsuite skipped="0" hostname="lenovo" name="com.stackroute.finalcasestudy.test.AddNewQuizTest" tests="1" failures="0" timestamp="2020-08-26T10:38:12 IST" time="12.808" errors="0">
  <testcase name="addNewQuizAndVerifyTest" time="12.808" classname="com.stackroute.finalcasestudy.test.AddNewQuizTest"/>
</testsuite> <!-- com.stackroute.finalcasestudy.test.AddNewQuizTest -->
